<?xml version="1.0" encoding="utf-8"?><testsuites name="pytest tests"><testsuite name="pytest" errors="0" failures="0" skipped="0" tests="8" time="1.457" timestamp="2026-04-18T05:42:49.397433+00:00" hostname="agent-env-b623a574-de40-442d-a6e4-6bad3baf58dd"><testcase classname="backend.tests.test_proposal_api.TestRoot" name="test_root_ok" time="0.256" /><testcase classname="backend.tests.test_proposal_api.TestProposalInterest" name="test_post_valid" time="0.132" /><testcase classname="backend.tests.test_proposal_api.TestProposalInterest" name="test_post_invalid_email" time="0.125" /><testcase classname="backend.tests.test_proposal_api.TestProposalInterest" name="test_post_missing_name" time="0.111" /><testcase classname="backend.tests.test_proposal_api.TestProposalInterest" name="test_get_list" time="0.142" /><testcase classname="backend.tests.test_proposal_api.TestProposalInterest" name="test_post_persists_in_get" time="0.242" /><testcase classname="backend.tests.test_proposal_api.TestEngagement" name="test_post_engagement" time="0.105" /><testcase classname="backend.tests.test_proposal_api.TestEngagement" name="test_post_engagement_minimal" time="0.106" /></testsuite></testsuites>