<?xml version="1.0" encoding="utf-8"?><testsuites name="pytest tests"><testsuite name="pytest" errors="0" failures="0" skipped="0" tests="8" time="1.355" timestamp="2026-04-18T04:58:02.216228+00:00" hostname="agent-env-b623a574-de40-442d-a6e4-6bad3baf58dd"><testcase classname="backend.tests.test_proposal_api.TestRoot" name="test_root_ok" time="0.190" /><testcase classname="backend.tests.test_proposal_api.TestProposalInterest" name="test_post_valid" time="0.135" /><testcase classname="backend.tests.test_proposal_api.TestProposalInterest" name="test_post_invalid_email" time="0.128" /><testcase classname="backend.tests.test_proposal_api.TestProposalInterest" name="test_post_missing_name" time="0.110" /><testcase classname="backend.tests.test_proposal_api.TestProposalInterest" name="test_get_list" time="0.108" /><testcase classname="backend.tests.test_proposal_api.TestProposalInterest" name="test_post_persists_in_get" time="0.210" /><testcase classname="backend.tests.test_proposal_api.TestEngagement" name="test_post_engagement" time="0.128" /><testcase classname="backend.tests.test_proposal_api.TestEngagement" name="test_post_engagement_minimal" time="0.124" /></testsuite></testsuites>